<?xml version="1.0" encoding="UTF-8"?>
<testsuite xmlns:xsi="http://www.w3.org/2001/XMLSchema-instance" xsi:noNamespaceSchemaLocation="https://maven.apache.org/surefire/maven-surefire-plugin/xsd/surefire-test-report-3.0.xsd" version="3.0" name="TestSuite" time="0.998" tests="17" errors="0" skipped="0" failures="0">
  <properties>
    <property name="sun.desktop" value="windows"/>
    <property name="awt.toolkit" value="sun.awt.windows.WToolkit"/>
    <property name="file.encoding.pkg" value="sun.io"/>
    <property name="java.specification.version" value="1.8"/>
    <property name="sun.cpu.isalist" value="amd64"/>
    <property name="sun.jnu.encoding" value="Cp1252"/>
    <property name="java.class.path" value="C:\Users\Jagadeesh\Madhavi\PracticeInIntelliJ\TestNGMonthFinder\target\test-classes;C:\Users\Jagadeesh\Madhavi\PracticeInIntelliJ\TestNGMonthFinder\target\classes;C:\Users\Jagadeesh\.m2\repository\org\testng\testng\6.9.8\testng-6.9.8.jar;C:\Users\Jagadeesh\.m2\repository\org\beanshell\bsh\2.0b4\bsh-2.0b4.jar;C:\Users\Jagadeesh\.m2\repository\com\beust\jcommander\1.48\jcommander-1.48.jar;"/>
    <property name="java.vm.vendor" value="Oracle Corporation"/>
    <property name="sun.arch.data.model" value="64"/>
    <property name="user.variant" value=""/>
    <property name="java.vendor.url" value="http://java.oracle.com/"/>
    <property name="user.timezone" value="America/New_York"/>
    <property name="java.vm.specification.version" value="1.8"/>
    <property name="os.name" value="Windows 10"/>
    <property name="user.country" value="US"/>
    <property name="sun.java.launcher" value="SUN_STANDARD"/>
    <property name="sun.boot.library.path" value="C:\Program Files\Java\jdk1.8.0_241\jre\bin"/>
    <property name="sun.java.command" value="C:\Users\Jagadeesh\AppData\Local\Temp\surefire3057682623537260291\surefirebooter2863160222668982025.jar C:\Users\Jagadeesh\AppData\Local\Temp\surefire3057682623537260291 2020-08-23T21-51-44_273-jvmRun1 surefire4813414093424149064tmp surefire_08643886014781899846tmp"/>
    <property name="surefire.test.class.path" value="C:\Users\Jagadeesh\Madhavi\PracticeInIntelliJ\TestNGMonthFinder\target\test-classes;C:\Users\Jagadeesh\Madhavi\PracticeInIntelliJ\TestNGMonthFinder\target\classes;C:\Users\Jagadeesh\.m2\repository\org\testng\testng\6.9.8\testng-6.9.8.jar;C:\Users\Jagadeesh\.m2\repository\org\beanshell\bsh\2.0b4\bsh-2.0b4.jar;C:\Users\Jagadeesh\.m2\repository\com\beust\jcommander\1.48\jcommander-1.48.jar;"/>
    <property name="sun.cpu.endian" value="little"/>
    <property name="user.home" value="C:\Users\Jagadeesh"/>
    <property name="user.language" value="en"/>
    <property name="java.specification.vendor" value="Oracle Corporation"/>
    <property name="java.home" value="C:\Program Files\Java\jdk1.8.0_241\jre"/>
    <property name="basedir" value="C:\Users\Jagadeesh\Madhavi\PracticeInIntelliJ\TestNGMonthFinder"/>
    <property name="file.separator" value="\"/>
    <property name="line.separator" value="&#10;"/>
    <property name="java.vm.specification.vendor" value="Oracle Corporation"/>
    <property name="java.specification.name" value="Java Platform API Specification"/>
    <property name="java.awt.graphicsenv" value="sun.awt.Win32GraphicsEnvironment"/>
    <property name="idea.version2020.1.1" value="true"/>
    <property name="surefire.real.class.path" value="C:\Users\Jagadeesh\AppData\Local\Temp\surefire3057682623537260291\surefirebooter2863160222668982025.jar"/>
    <property name="sun.boot.class.path" value="C:\Program Files\Java\jdk1.8.0_241\jre\lib\resources.jar;C:\Program Files\Java\jdk1.8.0_241\jre\lib\rt.jar;C:\Program Files\Java\jdk1.8.0_241\jre\lib\sunrsasign.jar;C:\Program Files\Java\jdk1.8.0_241\jre\lib\jsse.jar;C:\Program Files\Java\jdk1.8.0_241\jre\lib\jce.jar;C:\Program Files\Java\jdk1.8.0_241\jre\lib\charsets.jar;C:\Program Files\Java\jdk1.8.0_241\jre\lib\jfr.jar;C:\Program Files\Java\jdk1.8.0_241\jre\classes"/>
    <property name="user.script" value=""/>
    <property name="sun.management.compiler" value="HotSpot 64-Bit Tiered Compilers"/>
    <property name="java.runtime.version" value="1.8.0_241-b07"/>
    <property name="user.name" value="Jagadeesh"/>
    <property name="path.separator" value=";"/>
    <property name="os.version" value="10.0"/>
    <property name="java.endorsed.dirs" value="C:\Program Files\Java\jdk1.8.0_241\jre\lib\endorsed"/>
    <property name="java.runtime.name" value="Java(TM) SE Runtime Environment"/>
    <property name="file.encoding" value="Cp1252"/>
    <property name="java.vm.name" value="Java HotSpot(TM) 64-Bit Server VM"/>
    <property name="localRepository" value="C:\Users\Jagadeesh\.m2\repository"/>
    <property name="java.vendor.url.bug" value="http://bugreport.sun.com/bugreport/"/>
    <property name="java.io.tmpdir" value="C:\Users\Jagadeesh\AppData\Local\Temp\"/>
    <property name="java.version" value="1.8.0_241"/>
    <property name="user.dir" value="C:\Users\Jagadeesh\Madhavi\PracticeInIntelliJ\TestNGMonthFinder"/>
    <property name="os.arch" value="amd64"/>
    <property name="java.vm.specification.name" value="Java Virtual Machine Specification"/>
    <property name="java.awt.printerjob" value="sun.awt.windows.WPrinterJob"/>
    <property name="sun.os.patch.level" value=""/>
    <property name="java.library.path" value="C:\Program Files\Java\jdk1.8.0_241\jre\bin;C:\WINDOWS\Sun\Java\bin;C:\WINDOWS\system32;C:\WINDOWS;C:\WINDOWS\system32;C:\WINDOWS;C:\WINDOWS\System32\Wbem;C:\WINDOWS\System32\WindowsPowerShell\v1.0\;C:\WINDOWS\System32\OpenSSH\;C:\Program Files\Java\jdk1.8.0_241\bin;C:\maven3\apache-maven-3.6.3\bin;C:\Program Files\Git\cmd;C:\Program Files\PuTTY\;C:\Users\Jagadeesh\AppData\Local\Microsoft\WindowsApps;;."/>
    <property name="java.vm.info" value="mixed mode"/>
    <property name="java.vendor" value="Oracle Corporation"/>
    <property name="java.vm.version" value="25.241-b07"/>
    <property name="java.ext.dirs" value="C:\Program Files\Java\jdk1.8.0_241\jre\lib\ext;C:\WINDOWS\Sun\Java\lib\ext"/>
    <property name="sun.io.unicode.encoding" value="UnicodeLittle"/>
    <property name="java.class.version" value="52.0"/>
  </properties>
  <testcase name="testApril" classname="com.tests.TestPositive" time="0.005"/>
  <testcase name="testAugust" classname="com.tests.TestPositive" time="0"/>
  <testcase name="testDecember" classname="com.tests.TestPositive" time="0"/>
  <testcase name="testFebruary" classname="com.tests.TestPositive" time="0"/>
  <testcase name="testJanuary" classname="com.tests.TestPositive" time="0"/>
  <testcase name="testJuly" classname="com.tests.TestPositive" time="0.001"/>
  <testcase name="testJune" classname="com.tests.TestPositive" time="0"/>
  <testcase name="testMarch" classname="com.tests.TestPositive" time="0"/>
  <testcase name="testMay" classname="com.tests.TestPositive" time="0.001"/>
  <testcase name="testNovember" classname="com.tests.TestPositive" time="0.001"/>
  <testcase name="testOctober" classname="com.tests.TestPositive" time="0.001"/>
  <testcase name="testSeptember" classname="com.tests.TestPositive" time="0"/>
  <testcase name="testAnotherNegativeMonth" classname="com.tests.TestNegative" time="0.001"/>
  <testcase name="testEighteenMonth" classname="com.tests.TestNegative" time="0.005"/>
  <testcase name="testHundredMonth" classname="com.tests.TestNegative" time="0"/>
  <testcase name="testNegativeMonth" classname="com.tests.TestNegative" time="0.002"/>
  <testcase name="testStringMonth" classname="com.tests.TestNegative" time="0"/>
</testsuite>