<?xml version="1.0" encoding="UTF-8"?>
<!-- Generated by org.testng.reporters.JUnitReportReporter -->
<testsuite hostname="DESKTOP-3E0GK22" name="com.tests.TestNegative" tests="5" failures="0" timestamp="24 Aug 2020 01:51:47 GMT" time="0.006" errors="0">
  <testcase name="testEighteenMonth" time="0.001" classname="com.tests.TestNegative"/>
  <testcase name="testHundredMonth" time="0.002" classname="com.tests.TestNegative"/>
  <testcase name="testNegativeMonth" time="0.001" classname="com.tests.TestNegative"/>
  <testcase name="testStringMonth" time="0.001" classname="com.tests.TestNegative"/>
  <testcase name="testAnotherNegativeMonth" time="0.001" classname="com.tests.TestNegative"/>
</testsuite> <!-- com.tests.TestNegative -->
