<?xml version="1.0" encoding="UTF-8"?>
<!-- Generated by org.testng.reporters.JUnitReportReporter -->
<testsuite hostname="DESKTOP-3E0GK22" name="com.tests.TestPositive" tests="12" failures="0" timestamp="24 Aug 2020 01:51:47 GMT" time="0.013" errors="0">
  <testcase name="testJanuary" time="0.001" classname="com.tests.TestPositive"/>
  <testcase name="testNovember" time="0.001" classname="com.tests.TestPositive"/>
  <testcase name="testApril" time="0.005" classname="com.tests.TestPositive"/>
  <testcase name="testDecember" time="0.001" classname="com.tests.TestPositive"/>
  <testcase name="testMay" time="0.002" classname="com.tests.TestPositive"/>
  <testcase name="testSeptember" time="0.000" classname="com.tests.TestPositive"/>
  <testcase name="testJune" time="0.001" classname="com.tests.TestPositive"/>
  <testcase name="testMarch" time="0.000" classname="com.tests.TestPositive"/>
  <testcase name="testJuly" time="0.001" classname="com.tests.TestPositive"/>
  <testcase name="testOctober" time="0.000" classname="com.tests.TestPositive"/>
  <testcase name="testAugust" time="0.001" classname="com.tests.TestPositive"/>
  <testcase name="testFebruary" time="0.000" classname="com.tests.TestPositive"/>
</testsuite> <!-- com.tests.TestPositive -->
