<?xml version="1.0" encoding="UTF-8"?>
<!-- Generated by org.testng.reporters.JUnitReportReporter -->
<testsuite hostname="DESKTOP-3E0GK22" name="com.tests.TestPositive" tests="6" failures="0" timestamp="24 Aug 2020 22:37:57 GMT" time="0.000" errors="0">
  <testcase name="searchNumberStart" time="0.000" classname="com.tests.TestPositive"/>
  <testcase name="searchMinimumNumber" time="0.000" classname="com.tests.TestPositive"/>
  <testcase name="searchNumberInBetween" time="0.000" classname="com.tests.TestPositive"/>
  <testcase name="SearchMaximumNumber" time="0.000" classname="com.tests.TestPositive"/>
  <testcase name="searchNumberEnd" time="0.000" classname="com.tests.TestPositive"/>
  <testcase name="searchNumberMiddle" time="0.000" classname="com.tests.TestPositive"/>
</testsuite> <!-- com.tests.TestPositive -->
