<?xml version="1.0" encoding="UTF-8"?>
<!-- Generated by org.testng.reporters.JUnitReportReporter -->
<testsuite hostname="DESKTOP-3E0GK22" name="com.tests.TestNegative" tests="2" failures="0" timestamp="24 Aug 2020 22:37:57 GMT" time="0.000" errors="0">
  <testcase name="testWrongIndex" time="0.000" classname="com.tests.TestNegative"/>
  <testcase name="testAnotherWrongIndex" time="0.000" classname="com.tests.TestNegative"/>
</testsuite> <!-- com.tests.TestNegative -->
